-------------------------------------------------------------------------------
Test set: movistar.onb.libre.runner.RunScenarioPremiumTest
-------------------------------------------------------------------------------
Tests run: 1, Failures: 1, Errors: 0, Skipped: 0, Time elapsed: 80.681 s <<< FAILURE! - in movistar.onb.libre.runner.RunScenarioPremiumTest
El usuario premium quiere solicitar un credito de libre inversión con movistar libre.El usuario premium quiere simular la solicitud del credito  Time elapsed: 80.072 s  <<< FAILURE!
org.junit.ComparisonFailure: expected:<2[3,42]%> but was:<2[0,05]%>

