<?xml version="1.0" encoding="UTF-8"?>
<testsuite xmlns:xsi="http://www.w3.org/2001/XMLSchema-instance" xsi:noNamespaceSchemaLocation="https://maven.apache.org/surefire/maven-failsafe-plugin/xsd/failsafe-test-report-3.0.xsd" version="3.0" name="movistar.onb.libre.runner.RunScenarioBasicTest" time="71.905" tests="1" errors="0" skipped="0" failures="0">
  <properties>
[...]
</properties>
  <testcase name="El usuario quiere simular la solicitud del credito" classname="El usuario quiere solicitar un credito de libre inversión con movistar libre" time="68.069">
    <system-out><![CDATA[Ingresando al simulador...
Segundo paso......
Tercer paso.....
Cuarto paso......
Llegando a selectCuotaBasic...24
.......[[[[[[ChromeDriver: chrome on WINDOWS (74155052c4192c777fe0835fc1562707)] -> xpath: /html/body/div/div/div[2]/div/div[2]/div[3]]] -> xpath: //section[@class='container-value-cuotas']/h1]] -> xpath: ./../..]
true
Llegando a selectCuotaBasic...24
.......[[[[[[ChromeDriver: chrome on WINDOWS (74155052c4192c777fe0835fc1562707)] -> xpath: /html/body/div/div/div[2]/div/div[2]/div[3]]] -> xpath: //section[@class='container-value-cuotas']/h1]] -> xpath: ./../..]
funcionooo
Quinto paso....
Sexto paso.....
]]></system-out>
    <system-err><![CDATA[[main] INFO io.cucumber.core.plugin.SerenityReporter - Running feature from file:///C:/Users/jgutiepi/OneDrive%20-%20NTT%20DATA%20EMEAL/Escritorio/Proyectos%20Telefonica/01_ONB_LIBRE_SIMULADOR_FRONT/src/test/resources/scenarioBasic.feature
[main] WARN io.cucumber.core.plugin.SerenityReporter - Feature from file:///C:/Users/jgutiepi/OneDrive%20-%20NTT%20DATA%20EMEAL/Escritorio/Proyectos%20Telefonica/01_ONB_LIBRE_SIMULADOR_FRONT/src/test/resources/scenarioBasic.feature is not under the 'features' directory. Requirements report will not be correctly generated!
[main] INFO  - &amp#27;[96m

-------------------------------------------------------------------------------------
     _______. _______ .______       _______ .__   __.  __  .___________.____    ____ 
    /       ||   ____||   _  \     |   ____||  \ |  | |  | |           |\   \  /   / 
   |   (----`|  |__   |  |_)  |    |  |__   |   \|  | |  | `---|  |----` \   \/   /  
    \   \    |   __|  |      /     |   __|  |  . `  | |  |     |  |       \_    _/   
.----)   |   |  |____ |  |\  \----.|  |____ |  |\   | |  |     |  |         |  |     
|_______/    |_______|| _| `._____||_______||__| \__| |__|     |__|         |__|    
                                                                                     
 News and tutorials at http://www.serenity-bdd.info                                  
 Documentation at https://wakaleo.gitbooks.io/the-serenity-book/content/             
 Join the Serenity Community on Gitter: https://gitter.im/serenity-bdd/serenity-core 
 Serenity BDD Support and Training at http://serenity-bdd.info/#/trainingandsupport  
-------------------------------------------------------------------------------------
&amp#27;[0m
[main] INFO  - Test Suite Started: El usuario quiere solicitar un credito de libre inversión con movistar libre
[main] INFO io.cucumber.core.plugin.SerenityReporter - Running feature from file:///C:/Users/jgutiepi/OneDrive%20-%20NTT%20DATA%20EMEAL/Escritorio/Proyectos%20Telefonica/01_ONB_LIBRE_SIMULADOR_FRONT/src/test/resources/scenarioBasic.feature
[main] WARN io.cucumber.core.plugin.SerenityReporter - Feature from file:///C:/Users/jgutiepi/OneDrive%20-%20NTT%20DATA%20EMEAL/Escritorio/Proyectos%20Telefonica/01_ONB_LIBRE_SIMULADOR_FRONT/src/test/resources/scenarioBasic.feature is not under the 'features' directory. Requirements report will not be correctly generated!
[main] INFO  - 
  _____   ___   ___   _____     ___   _____     _     ___   _____   ___   ___  
 |_   _| | __| / __| |_   _|   / __| |_   _|   /_\   | _ \ |_   _| | __| |   \ 
   | |   | _|  \__ \   | |     \__ \   | |    / _ \  |   /   | |   | _|  | |) |
   |_|   |___| |___/   |_|     |___/   |_|   /_/ \_\ |_|_\   |_|   |___| |___/ 

El usuario quiere simular la solicitud del credito(el-usuario-quiere-solicitar-un-credito-de-libre-inversión-con-movistar-libre;el-usuario-quiere-simular-la-solicitud-del-credito)
--------------------------------------------------------------------------------
[main] INFO net.serenitybdd.core.webdriver.driverproviders.ChromeDriverProvider - Using automatically driver download
[main] INFO io.github.bonigarcia.wdm.WebDriverManager - Using chromedriver 96.0.4664.45 (resolved driver for Chrome 96)
[main] INFO io.github.bonigarcia.wdm.WebDriverManager - Exporting webdriver.chrome.driver as C:\Users\jgutiepi\.cache\selenium\chromedriver\win32\96.0.4664.45\chromedriver.exe
[main] INFO net.serenitybdd.core.webdriver.driverproviders.ProvideNewDriver - Instantiating driver
[main] INFO net.serenitybdd.core.webdriver.driverproviders.ProvideNewDriver - Driver capabilities: Capabilities {acceptInsecureCerts: false, browserName: chrome, chrome.switches: --start-maximized --disable..., goog:chromeOptions: {args: [--start-maximized, --disable-popup-blocking], extensions: []}, loggingPrefs: org.openqa.selenium.logging...}
Starting ChromeDriver 95.0.4638.17 (a9d0719444d4b035e284ed1fce73bf6ccd789df2-refs/branch-heads/4638@{#178}) on port 44386
Only local connections are allowed.
Please see https://chromedriver.chromium.org/security-considerations for suggestions on keeping ChromeDriver safe.
ChromeDriver was started successfully.
[1641398474.962][WARNING]: This version of ChromeDriver has not been tested with Chrome version 96.
ene 05, 2022 11:01:15 AM org.openqa.selenium.remote.ProtocolHandshake createSession
INFORMACIÓN: Detected dialect: W3C
[main] INFO  - &amp#27;[92m
  _____   ___   ___   _____     ___     _     ___   ___   ___   ___  
 |_   _| | __| / __| |_   _|   | _ \   /_\   / __| / __| | __| |   \ 
   | |   | _|  \__ \   | |     |  _/  / _ \  \__ \ \__ \ | _|  | |) |
   |_|   |___| |___/   |_|     |_|   /_/ \_\ |___/ |___/ |___| |___/ 

El usuario quiere simular la solicitud del credito
----------------------------------------------------------------------&amp#27;[0m
]]></system-err>
  </testcase>
</testsuite>